2024-05-17 03:52:48 [vert.x-eventloop-thread-0] INFO  com.example.fileserver.MainVerticle - inside com.example.fileserver.MainVerticle
2024-05-17 03:53:03 [vert.x-eventloop-thread-0] INFO  com.example.fileserver.MainVerticle - inside com.example.fileserver.MainVerticle
2024-05-17 03:54:06 [vert.x-eventloop-thread-0] INFO  com.example.fileserver.MainVerticle - inside com.example.fileserver.MainVerticle
2024-05-17 03:55:50 [vert.x-eventloop-thread-0] INFO  com.example.fileserver.MainVerticle - inside com.example.fileserver.MainVerticle
2024-05-17 03:56:24 [vert.x-eventloop-thread-0] INFO  com.example.fileserver.MainVerticle - inside com.example.fileserver.MainVerticle
2024-05-17 03:56:33 [vert.x-eventloop-thread-1] INFO  com.example.fileserver.MainVerticle - inside com.example.fileserver.MainVerticle
2024-05-17 03:56:33 [vert.x-eventloop-thread-0] INFO  io.vertx.core.impl.launcher.commands.VertxIsolatedDeployer - Succeeded in deploying verticle
2024-05-17 04:16:46 [vert.x-eventloop-thread-0] INFO  com.example.fileserver.MainVerticle - inside com.example.fileserver.MainVerticle
2024-05-17 04:16:53 [vert.x-eventloop-thread-1] INFO  com.example.fileserver.MainVerticle - inside com.example.fileserver.MainVerticle
2024-05-17 04:16:53 [vert.x-eventloop-thread-0] INFO  io.vertx.core.impl.launcher.commands.VertxIsolatedDeployer - Succeeded in deploying verticle
2024-05-17 16:42:14 [vert.x-eventloop-thread-0] INFO  com.example.fileserver.MainVerticle - inside com.example.fileserver.MainVerticle
2024-05-17 16:42:27 [vert.x-eventloop-thread-1] INFO  com.example.fileserver.MainVerticle - inside com.example.fileserver.MainVerticle
2024-05-17 16:42:27 [vert.x-eventloop-thread-0] INFO  io.vertx.core.impl.launcher.commands.VertxIsolatedDeployer - Succeeded in deploying verticle
2024-05-17 19:52:07 [vert.x-eventloop-thread-0] INFO  com.example.fileserver.MainVerticle - inside com.example.fileserver.MainVerticle
2024-05-17 19:52:59 [vert.x-eventloop-thread-0] INFO  com.example.fileserver.MainVerticle - inside com.example.fileserver.MainVerticle
2024-05-17 19:53:19 [vert.x-eventloop-thread-1] INFO  com.example.fileserver.MainVerticle - inside com.example.fileserver.MainVerticle
2024-05-17 19:53:19 [vert.x-eventloop-thread-0] INFO  io.vertx.core.impl.launcher.commands.VertxIsolatedDeployer - Succeeded in deploying verticle
2024-05-17 19:54:48 [vert.x-eventloop-thread-1] INFO  com.example.fileserver.RestAPIVerticle - Deployed com.example.fileserver.RestAPIVerticle!
2024-05-17 19:55:06 [vert.x-eventloop-thread-1] INFO  com.example.fileserver.RestAPIVerticle - Deployed com.example.fileserver.RestAPIVerticle!
2024-05-17 19:55:48 [vert.x-eventloop-thread-1] INFO  com.example.fileserver.RestAPIVerticle - Deployed com.example.fileserver.RestAPIVerticle!
2024-05-17 19:56:03 [vert.x-eventloop-thread-1] INFO  com.example.fileserver.RestAPIVerticle - Deployed com.example.fileserver.RestAPIVerticle!
2024-05-17 19:57:07 [vert.x-eventloop-thread-1] INFO  com.example.fileserver.RestAPIVerticle - Deployed com.example.fileserver.RestAPIVerticle!
2024-05-17 20:04:24 [vert.x-eventloop-thread-2] INFO  com.example.fileserver.RestAPIVerticle - Deployed com.example.fileserver.RestAPIVerticle!
2024-05-17 20:04:24 [vert.x-eventloop-thread-0] ERROR io.vertx.core.impl.launcher.commands.VertxIsolatedDeployer - Failed in deploying verticle
java.net.BindException: Address already in use: bind
	at java.base/sun.nio.ch.Net.bind0(Native Method) ~[?:?]
	at java.base/sun.nio.ch.Net.bind(Net.java:555) ~[?:?]
	at java.base/sun.nio.ch.ServerSocketChannelImpl.netBind(ServerSocketChannelImpl.java:337) ~[?:?]
	at java.base/sun.nio.ch.ServerSocketChannelImpl.bind(ServerSocketChannelImpl.java:294) ~[?:?]
	at io.netty.channel.socket.nio.NioServerSocketChannel.doBind(NioServerSocketChannel.java:141) ~[netty-transport-4.1.108.Final.jar:4.1.108.Final]
	at io.netty.channel.AbstractChannel$AbstractUnsafe.bind(AbstractChannel.java:562) ~[netty-transport-4.1.108.Final.jar:4.1.108.Final]
	at io.netty.channel.DefaultChannelPipeline$HeadContext.bind(DefaultChannelPipeline.java:1334) ~[netty-transport-4.1.108.Final.jar:4.1.108.Final]
	at io.netty.channel.AbstractChannelHandlerContext.invokeBind(AbstractChannelHandlerContext.java:600) ~[netty-transport-4.1.108.Final.jar:4.1.108.Final]
	at io.netty.channel.AbstractChannelHandlerContext.bind(AbstractChannelHandlerContext.java:579) ~[netty-transport-4.1.108.Final.jar:4.1.108.Final]
	at io.netty.channel.DefaultChannelPipeline.bind(DefaultChannelPipeline.java:973) ~[netty-transport-4.1.108.Final.jar:4.1.108.Final]
	at io.netty.channel.AbstractChannel.bind(AbstractChannel.java:260) ~[netty-transport-4.1.108.Final.jar:4.1.108.Final]
	at io.netty.bootstrap.AbstractBootstrap$2.run(AbstractBootstrap.java:380) ~[netty-transport-4.1.108.Final.jar:4.1.108.Final]
	at io.netty.util.concurrent.AbstractEventExecutor.runTask(AbstractEventExecutor.java:173) [netty-common-4.1.108.Final.jar:4.1.108.Final]
	at io.netty.util.concurrent.AbstractEventExecutor.safeExecute(AbstractEventExecutor.java:166) [netty-common-4.1.108.Final.jar:4.1.108.Final]
	at io.netty.util.concurrent.SingleThreadEventExecutor.runAllTasksFrom(SingleThreadEventExecutor.java:426) ~[netty-common-4.1.108.Final.jar:4.1.108.Final]
	at io.netty.util.concurrent.SingleThreadEventExecutor.runAllTasks(SingleThreadEventExecutor.java:375) [netty-common-4.1.108.Final.jar:4.1.108.Final]
	at io.netty.channel.nio.NioEventLoop.run(NioEventLoop.java:557) [netty-transport-4.1.108.Final.jar:4.1.108.Final]
	at io.netty.util.concurrent.SingleThreadEventExecutor$4.run(SingleThreadEventExecutor.java:997) [netty-common-4.1.108.Final.jar:4.1.108.Final]
	at io.netty.util.internal.ThreadExecutorMap$2.run(ThreadExecutorMap.java:74) [netty-common-4.1.108.Final.jar:4.1.108.Final]
	at io.netty.util.concurrent.FastThreadLocalRunnable.run(FastThreadLocalRunnable.java:30) [netty-common-4.1.108.Final.jar:4.1.108.Final]
	at java.base/java.lang.Thread.run(Thread.java:833) [?:?]
2024-05-17 20:04:52 [vert.x-eventloop-thread-2] INFO  com.example.fileserver.RestAPIVerticle - Deployed com.example.fileserver.RestAPIVerticle!
2024-05-17 20:04:52 [vert.x-eventloop-thread-2] INFO  com.example.fileserver.RestAPIVerticle - HTTP server started on port 8888
2024-05-17 20:04:52 [vert.x-eventloop-thread-1] INFO  com.example.fileserver.MainVerticle - Deployed com.example.fileserver.RestAPIVerticle with fcdb04a1-0042-4e36-ab78-3ce3c191ae2e
2024-05-17 20:04:52 [vert.x-worker-thread-0] INFO  com.example.fileserver.UploadVerticle - Deployed com.example.fileserver.UploadVerticle!
2024-05-17 20:04:52 [vert.x-worker-thread-1] INFO  com.example.fileserver.RestAPIVerticle - Deployed com.example.fileserver.DownloadVerticle!
2024-05-17 20:04:52 [vert.x-worker-thread-2] INFO  com.example.fileserver.RestAPIVerticle - Deployed com.example.fileserver.AllFilesViewVerticle!
2024-05-17 20:04:52 [vert.x-eventloop-thread-0] INFO  io.vertx.core.impl.launcher.commands.VertxIsolatedDeployer - Succeeded in deploying verticle
2024-05-17 20:04:52 [vert.x-eventloop-thread-1] INFO  com.example.fileserver.MainVerticle - Deployed com.example.fileserver.DownloadVerticle with 8dcb808a-71d9-4987-943a-1ae1dd4b63a5
2024-05-17 20:04:52 [vert.x-eventloop-thread-1] INFO  com.example.fileserver.MainVerticle - Deployed com.example.fileserver.AllFilesViewVerticle with ae3e7358-1cd4-403c-ba21-d9c02eed77ab
2024-05-17 20:04:52 [vert.x-eventloop-thread-1] INFO  com.example.fileserver.MainVerticle - Deployed com.example.fileserver.UploadVerticle with 797f4508-5533-4fd7-81a4-34b834b743f2
2024-05-17 20:28:45 [vert.x-eventloop-thread-2] INFO  com.example.fileserver.RestAPIVerticle - Deployed com.example.fileserver.RestAPIVerticle!
2024-05-17 20:28:45 [vert.x-eventloop-thread-2] INFO  com.example.fileserver.RestAPIVerticle - HTTP server started on port 8888
2024-05-17 20:28:45 [vert.x-eventloop-thread-1] INFO  com.example.fileserver.MainVerticle - Deployed com.example.fileserver.RestAPIVerticle with e0455afd-b2d5-43ee-9739-ba040a0f4309
2024-05-17 20:28:45 [vert.x-worker-thread-0] INFO  com.example.fileserver.UploadVerticle - Deployed com.example.fileserver.UploadVerticle!
2024-05-17 20:28:45 [vert.x-worker-thread-1] INFO  com.example.fileserver.RestAPIVerticle - Deployed com.example.fileserver.DownloadVerticle!
2024-05-17 20:28:45 [vert.x-worker-thread-2] INFO  com.example.fileserver.RestAPIVerticle - Deployed com.example.fileserver.AllFilesViewVerticle!
2024-05-17 20:28:45 [vert.x-eventloop-thread-0] INFO  io.vertx.core.impl.launcher.commands.VertxIsolatedDeployer - Succeeded in deploying verticle
2024-05-17 20:28:45 [vert.x-eventloop-thread-1] INFO  com.example.fileserver.MainVerticle - Deployed com.example.fileserver.DownloadVerticle with c4fb4fb5-4e89-4c88-821a-2fea9a56e47e
2024-05-17 20:28:45 [vert.x-eventloop-thread-1] INFO  com.example.fileserver.MainVerticle - Deployed com.example.fileserver.AllFilesViewVerticle with 9af8331f-2b21-4d2c-861f-8451b71cf79e
2024-05-17 20:28:45 [vert.x-eventloop-thread-1] INFO  com.example.fileserver.MainVerticle - Deployed com.example.fileserver.UploadVerticle with d3f9b439-2bc7-4ef6-a834-e3cbaed5183c
2024-05-18 18:30:36 [vert.x-eventloop-thread-2] INFO  com.example.fileserver.RestAPIVerticle - Deployed com.example.fileserver.RestAPIVerticle!
2024-05-18 18:30:36 [vert.x-eventloop-thread-2] INFO  com.example.fileserver.RestAPIVerticle - HTTP server started on port 8888
2024-05-18 18:30:36 [vert.x-eventloop-thread-1] INFO  com.example.fileserver.MainVerticle - Deployed com.example.fileserver.RestAPIVerticle with 5c344964-9bd2-4647-8e72-686e35fc5244
2024-05-18 18:30:36 [vert.x-worker-thread-0] INFO  com.example.fileserver.UploadVerticle - Deployed com.example.fileserver.UploadVerticle!
2024-05-18 18:30:36 [vert.x-worker-thread-1] INFO  com.example.fileserver.RestAPIVerticle - Deployed com.example.fileserver.DownloadVerticle!
2024-05-18 18:30:36 [vert.x-worker-thread-2] INFO  com.example.fileserver.RestAPIVerticle - Deployed com.example.fileserver.AllFilesViewVerticle!
2024-05-18 18:30:36 [vert.x-eventloop-thread-0] INFO  io.vertx.core.impl.launcher.commands.VertxIsolatedDeployer - Succeeded in deploying verticle
2024-05-18 18:30:36 [vert.x-eventloop-thread-1] INFO  com.example.fileserver.MainVerticle - Deployed com.example.fileserver.DownloadVerticle with 93f515b1-7b56-4582-9503-7fde764041a4
2024-05-18 18:30:36 [vert.x-eventloop-thread-1] INFO  com.example.fileserver.MainVerticle - Deployed com.example.fileserver.AllFilesViewVerticle with 2c76144a-e5d7-4e20-b896-4eb1d72ed119
2024-05-18 18:30:36 [vert.x-eventloop-thread-1] INFO  com.example.fileserver.MainVerticle - Deployed com.example.fileserver.UploadVerticle with cf147932-025f-4487-9fa1-8fe2e350cc25
2024-05-18 18:31:34 [vert.x-eventloop-thread-2] INFO  com.example.fileserver.RestAPIVerticle - upload route
2024-05-18 18:31:34 [vert.x-worker-thread-6] INFO  com.example.fileserver.UploadVerticle - file name information.png
2024-05-18 18:31:37 [vert.x-worker-thread-6] INFO  com.example.fileserver.UploadVerticle - File saved C:\uploads\information.png
2024-05-18 18:31:37 [vert.x-worker-thread-6] INFO  com.example.fileserver.UploadVerticle - File saved successfully at : C:\uploads\information.png
2024-05-18 18:31:46 [vert.x-eventloop-thread-2] INFO  com.example.fileserver.RestAPIVerticle - upload route
2024-05-18 18:31:46 [vert.x-worker-thread-9] INFO  com.example.fileserver.UploadVerticle - file name information.png
2024-05-18 18:31:47 [vert.x-worker-thread-9] INFO  com.example.fileserver.UploadVerticle - File saved C:\uploads\information.png
2024-05-18 18:31:47 [vert.x-worker-thread-9] INFO  com.example.fileserver.UploadVerticle - File saved successfully at : C:\uploads\information.png
2024-05-18 18:47:29 [vert.x-eventloop-thread-2] INFO  com.example.fileserver.RestAPIVerticle - Deployed com.example.fileserver.RestAPIVerticle!
2024-05-18 18:47:29 [vert.x-eventloop-thread-2] INFO  com.example.fileserver.RestAPIVerticle - HTTP server started on port 8888
2024-05-18 18:47:29 [vert.x-eventloop-thread-1] INFO  com.example.fileserver.MainVerticle - Deployed com.example.fileserver.RestAPIVerticle with f7c7b8b9-5f46-470b-9989-0d72f355f33f
2024-05-18 18:47:29 [vert.x-eventloop-thread-0] INFO  io.vertx.core.impl.launcher.commands.VertxIsolatedDeployer - Succeeded in deploying verticle
2024-05-18 18:47:29 [vert.x-worker-thread-2] INFO  com.example.fileserver.RestAPIVerticle - Deployed com.example.fileserver.AllFilesViewVerticle!
2024-05-18 18:47:29 [vert.x-worker-thread-0] INFO  com.example.fileserver.UploadVerticle - Deployed com.example.fileserver.UploadVerticle!
2024-05-18 18:47:29 [vert.x-worker-thread-1] INFO  com.example.fileserver.RestAPIVerticle - Deployed com.example.fileserver.DownloadVerticle!
2024-05-18 18:47:29 [vert.x-eventloop-thread-1] INFO  com.example.fileserver.MainVerticle - Deployed com.example.fileserver.AllFilesViewVerticle with d76e831a-1876-4765-9325-1584ee6b8070
2024-05-18 18:47:29 [vert.x-eventloop-thread-1] INFO  com.example.fileserver.MainVerticle - Deployed com.example.fileserver.UploadVerticle with 80101fd3-97ba-4e09-9a2a-a1e357b4d66c
2024-05-18 18:47:29 [vert.x-eventloop-thread-1] INFO  com.example.fileserver.MainVerticle - Deployed com.example.fileserver.DownloadVerticle with 59d8beb5-5c24-4669-a860-8d68463d8189
2024-05-18 19:18:55 [vert.x-eventloop-thread-2] INFO  com.example.fileserver.RestAPIVerticle - Deployed com.example.fileserver.RestAPIVerticle!
2024-05-18 19:18:55 [vert.x-eventloop-thread-2] INFO  com.example.fileserver.RestAPIVerticle - HTTP server started on port 8888
2024-05-18 19:18:55 [vert.x-eventloop-thread-1] INFO  com.example.fileserver.MainVerticle - Deployed com.example.fileserver.RestAPIVerticle with 4c0d1020-1cbd-4a10-9081-a2e744ab8159
2024-05-18 19:18:55 [vert.x-worker-thread-0] INFO  com.example.fileserver.UploadVerticle - Deployed com.example.fileserver.UploadVerticle!
2024-05-18 19:18:55 [vert.x-worker-thread-1] INFO  com.example.fileserver.RestAPIVerticle - Deployed com.example.fileserver.DownloadVerticle!
2024-05-18 19:18:55 [vert.x-worker-thread-2] INFO  com.example.fileserver.RestAPIVerticle - Deployed com.example.fileserver.AllFilesViewVerticle!
2024-05-18 19:18:55 [vert.x-eventloop-thread-0] INFO  io.vertx.core.impl.launcher.commands.VertxIsolatedDeployer - Succeeded in deploying verticle
2024-05-18 19:18:55 [vert.x-eventloop-thread-1] INFO  com.example.fileserver.MainVerticle - Deployed com.example.fileserver.DownloadVerticle with 80491302-d8dc-49c5-91e8-44f4ee496a09
2024-05-18 19:18:55 [vert.x-eventloop-thread-1] INFO  com.example.fileserver.MainVerticle - Deployed com.example.fileserver.UploadVerticle with 313c975c-9bc0-41cf-b47d-8d9af10c63ae
2024-05-18 19:18:55 [vert.x-eventloop-thread-1] INFO  com.example.fileserver.MainVerticle - Deployed com.example.fileserver.AllFilesViewVerticle with f98e0898-3b82-412e-b761-cedc44fa7767
2024-05-18 19:19:00 [vert.x-eventloop-thread-2] INFO  com.example.fileserver.RestAPIVerticle - upload route
2024-05-18 19:19:00 [vert.x-worker-thread-6] ERROR io.vertx.core.impl.ContextImpl - Unhandled exception
java.lang.ClassCastException: class io.vertx.core.buffer.impl.BufferImpl cannot be cast to class java.io.File (io.vertx.core.buffer.impl.BufferImpl is in unnamed module of loader java.net.URLClassLoader @48b4a043; java.io.File is in module java.base of loader 'bootstrap')
	at com.example.fileserver.UploadVerticle.lambda$start$0(UploadVerticle.java:35) ~[classes/:?]
	at io.vertx.core.impl.ContextInternal.dispatch(ContextInternal.java:279) ~[vertx-core-4.5.7.jar:4.5.7]
	at io.vertx.core.eventbus.impl.MessageConsumerImpl.dispatch(MessageConsumerImpl.java:177) ~[vertx-core-4.5.7.jar:4.5.7]
	at io.vertx.core.eventbus.impl.HandlerRegistration$InboundDeliveryContext.execute(HandlerRegistration.java:137) ~[vertx-core-4.5.7.jar:4.5.7]
	at io.vertx.core.eventbus.impl.DeliveryContextBase.next(DeliveryContextBase.java:80) ~[vertx-core-4.5.7.jar:4.5.7]
	at io.vertx.core.eventbus.impl.DeliveryContextBase.dispatch(DeliveryContextBase.java:43) ~[vertx-core-4.5.7.jar:4.5.7]
	at io.vertx.core.eventbus.impl.HandlerRegistration.dispatch(HandlerRegistration.java:98) ~[vertx-core-4.5.7.jar:4.5.7]
	at io.vertx.core.eventbus.impl.MessageConsumerImpl.deliver(MessageConsumerImpl.java:183) ~[vertx-core-4.5.7.jar:4.5.7]
	at io.vertx.core.eventbus.impl.MessageConsumerImpl.doReceive(MessageConsumerImpl.java:168) ~[vertx-core-4.5.7.jar:4.5.7]
	at io.vertx.core.eventbus.impl.HandlerRegistration.lambda$receive$0(HandlerRegistration.java:49) ~[vertx-core-4.5.7.jar:4.5.7]
	at io.vertx.core.impl.WorkerExecutor.lambda$execute$0(WorkerExecutor.java:68) ~[vertx-core-4.5.7.jar:4.5.7]
	at io.vertx.core.impl.TaskQueue.run(TaskQueue.java:76) ~[vertx-core-4.5.7.jar:4.5.7]
	at java.base/java.util.concurrent.ThreadPoolExecutor.runWorker(ThreadPoolExecutor.java:1136) [?:?]
	at java.base/java.util.concurrent.ThreadPoolExecutor$Worker.run(ThreadPoolExecutor.java:635) [?:?]
	at io.netty.util.concurrent.FastThreadLocalRunnable.run(FastThreadLocalRunnable.java:30) [netty-common-4.1.108.Final.jar:4.1.108.Final]
	at java.base/java.lang.Thread.run(Thread.java:833) [?:?]
2024-05-18 21:17:54 [vert.x-eventloop-thread-2] INFO  com.example.fileserver.RestAPIVerticle - Deployed com.example.fileserver.RestAPIVerticle!
2024-05-18 21:17:54 [vert.x-eventloop-thread-2] INFO  com.example.fileserver.RestAPIVerticle - HTTP server started on port 8888
2024-05-18 21:17:54 [vert.x-eventloop-thread-1] INFO  com.example.fileserver.MainVerticle - Deployed com.example.fileserver.RestAPIVerticle with 75fc94d5-6025-4d0e-b286-5a431dccdd02
2024-05-18 21:17:54 [vert.x-worker-thread-0] INFO  com.example.fileserver.UploadVerticle - Deployed com.example.fileserver.UploadVerticle!
2024-05-18 21:17:54 [vert.x-worker-thread-1] INFO  com.example.fileserver.RestAPIVerticle - Deployed com.example.fileserver.DownloadVerticle!
2024-05-18 21:17:54 [vert.x-worker-thread-2] INFO  com.example.fileserver.RestAPIVerticle - Deployed com.example.fileserver.AllFilesViewVerticle!
2024-05-18 21:17:54 [vert.x-eventloop-thread-0] INFO  io.vertx.core.impl.launcher.commands.VertxIsolatedDeployer - Succeeded in deploying verticle
2024-05-18 21:17:54 [vert.x-eventloop-thread-1] INFO  com.example.fileserver.MainVerticle - Deployed com.example.fileserver.UploadVerticle with ebbe557f-646a-4e61-ac68-384d7b3e914c
2024-05-18 21:17:54 [vert.x-eventloop-thread-1] INFO  com.example.fileserver.MainVerticle - Deployed com.example.fileserver.DownloadVerticle with e04df220-17a7-463d-87ff-01f154ccd2d1
2024-05-18 21:17:54 [vert.x-eventloop-thread-1] INFO  com.example.fileserver.MainVerticle - Deployed com.example.fileserver.AllFilesViewVerticle with b654e121-1798-4bd5-8c63-6a4de39e6ac3
2024-05-18 21:18:00 [vert.x-eventloop-thread-2] INFO  com.example.fileserver.RestAPIVerticle - upload route
2024-05-18 21:18:00 [vert.x-worker-thread-6] INFO  com.example.fileserver.UploadVerticle - file name information.png
2024-05-18 21:18:02 [vert.x-worker-thread-6] INFO  com.example.fileserver.UploadVerticle - Bucket shasheejvertfilebuck already exists
2024-05-18 21:28:04 [vert.x-eventloop-thread-2] INFO  com.example.fileserver.RestAPIVerticle - upload route
2024-05-18 21:28:04 [vert.x-worker-thread-14] INFO  com.example.fileserver.UploadVerticle - file name information.png
2024-05-18 21:28:05 [vert.x-worker-thread-14] INFO  com.example.fileserver.UploadVerticle - Bucket shasheejvertfilebuck already exists
2024-05-18 21:28:07 [vert.x-worker-thread-14] INFO  com.example.fileserver.UploadVerticle - file name java-learning-map.pdf
2024-05-18 21:28:08 [vert.x-worker-thread-14] INFO  com.example.fileserver.UploadVerticle - Bucket shasheejvertfilebuck already exists
2024-05-18 21:29:02 [vert.x-eventloop-thread-2] INFO  com.example.fileserver.RestAPIVerticle - upload route
2024-05-18 21:29:02 [vert.x-worker-thread-6] INFO  com.example.fileserver.UploadVerticle - file name MCQ_Building blocks_01.pdf
2024-05-18 21:29:03 [vert.x-worker-thread-6] INFO  com.example.fileserver.UploadVerticle - Bucket shasheejvertfilebuck already exists
2024-05-18 21:29:05 [vert.x-worker-thread-6] ERROR io.vertx.core.impl.ContextImpl - Unhandled exception
com.amazonaws.SdkClientException: Unable to calculate MD5 hash: C:\uploads\MCQ_Building blocks_01.pdf (The system cannot find the file specified)
	at com.amazonaws.services.s3.AmazonS3Client.getInputStream(AmazonS3Client.java:1955) ~[aws-java-sdk-s3-1.12.724.jar:?]
	at com.amazonaws.services.s3.AmazonS3Client.uploadObject(AmazonS3Client.java:1873) ~[aws-java-sdk-s3-1.12.724.jar:?]
	at com.amazonaws.services.s3.AmazonS3Client.putObject(AmazonS3Client.java:1852) ~[aws-java-sdk-s3-1.12.724.jar:?]
	at com.amazonaws.services.s3.AmazonS3Client.putObject(AmazonS3Client.java:1777) ~[aws-java-sdk-s3-1.12.724.jar:?]
	at com.example.fileserver.UploadVerticle.uploadFileToBucket(UploadVerticle.java:99) ~[classes/:?]
	at com.example.fileserver.UploadVerticle.lambda$start$0(UploadVerticle.java:42) ~[classes/:?]
	at io.vertx.core.impl.ContextInternal.dispatch(ContextInternal.java:279) ~[vertx-core-4.5.7.jar:4.5.7]
	at io.vertx.core.eventbus.impl.MessageConsumerImpl.dispatch(MessageConsumerImpl.java:177) ~[vertx-core-4.5.7.jar:4.5.7]
	at io.vertx.core.eventbus.impl.HandlerRegistration$InboundDeliveryContext.execute(HandlerRegistration.java:137) ~[vertx-core-4.5.7.jar:4.5.7]
	at io.vertx.core.eventbus.impl.DeliveryContextBase.next(DeliveryContextBase.java:80) ~[vertx-core-4.5.7.jar:4.5.7]
	at io.vertx.core.eventbus.impl.DeliveryContextBase.dispatch(DeliveryContextBase.java:43) ~[vertx-core-4.5.7.jar:4.5.7]
	at io.vertx.core.eventbus.impl.HandlerRegistration.dispatch(HandlerRegistration.java:98) ~[vertx-core-4.5.7.jar:4.5.7]
	at io.vertx.core.eventbus.impl.MessageConsumerImpl.deliver(MessageConsumerImpl.java:183) ~[vertx-core-4.5.7.jar:4.5.7]
	at io.vertx.core.eventbus.impl.MessageConsumerImpl.doReceive(MessageConsumerImpl.java:168) ~[vertx-core-4.5.7.jar:4.5.7]
	at io.vertx.core.eventbus.impl.HandlerRegistration.lambda$receive$0(HandlerRegistration.java:49) ~[vertx-core-4.5.7.jar:4.5.7]
	at io.vertx.core.impl.WorkerExecutor.lambda$execute$0(WorkerExecutor.java:68) ~[vertx-core-4.5.7.jar:4.5.7]
	at io.vertx.core.impl.TaskQueue.run(TaskQueue.java:76) ~[vertx-core-4.5.7.jar:4.5.7]
	at java.base/java.util.concurrent.ThreadPoolExecutor.runWorker(ThreadPoolExecutor.java:1136) [?:?]
	at java.base/java.util.concurrent.ThreadPoolExecutor$Worker.run(ThreadPoolExecutor.java:635) [?:?]
	at io.netty.util.concurrent.FastThreadLocalRunnable.run(FastThreadLocalRunnable.java:30) [netty-common-4.1.108.Final.jar:4.1.108.Final]
	at java.base/java.lang.Thread.run(Thread.java:833) [?:?]
Caused by: java.io.FileNotFoundException: C:\uploads\MCQ_Building blocks_01.pdf (The system cannot find the file specified)
	at java.base/java.io.FileInputStream.open0(Native Method) ~[?:?]
	at java.base/java.io.FileInputStream.open(FileInputStream.java:216) ~[?:?]
	at java.base/java.io.FileInputStream.<init>(FileInputStream.java:157) ~[?:?]
	at com.amazonaws.util.Md5Utils.computeMD5Hash(Md5Utils.java:97) ~[aws-java-sdk-core-1.12.724.jar:?]
	at com.amazonaws.util.Md5Utils.md5AsBase64(Md5Utils.java:104) ~[aws-java-sdk-core-1.12.724.jar:?]
	at com.amazonaws.services.s3.AmazonS3Client.getInputStream(AmazonS3Client.java:1951) ~[aws-java-sdk-s3-1.12.724.jar:?]
	... 20 more
2024-05-18 21:30:59 [vert.x-eventloop-thread-2] INFO  com.example.fileserver.RestAPIVerticle - upload route
2024-05-18 21:30:59 [vert.x-worker-thread-5] INFO  com.example.fileserver.UploadVerticle - file name OIG4.jfif
2024-05-18 21:31:00 [vert.x-worker-thread-5] INFO  com.example.fileserver.UploadVerticle - Bucket shasheejvertfilebuck already exists
2024-05-18 21:31:01 [vert.x-worker-thread-5] ERROR io.vertx.core.impl.ContextImpl - Unhandled exception
com.amazonaws.SdkClientException: Unable to calculate MD5 hash: C:\uploads\OIG4.jfif (The system cannot find the file specified)
	at com.amazonaws.services.s3.AmazonS3Client.getInputStream(AmazonS3Client.java:1955) ~[aws-java-sdk-s3-1.12.724.jar:?]
	at com.amazonaws.services.s3.AmazonS3Client.uploadObject(AmazonS3Client.java:1873) ~[aws-java-sdk-s3-1.12.724.jar:?]
	at com.amazonaws.services.s3.AmazonS3Client.putObject(AmazonS3Client.java:1852) ~[aws-java-sdk-s3-1.12.724.jar:?]
	at com.amazonaws.services.s3.AmazonS3Client.putObject(AmazonS3Client.java:1777) ~[aws-java-sdk-s3-1.12.724.jar:?]
	at com.example.fileserver.UploadVerticle.uploadFileToBucket(UploadVerticle.java:99) ~[classes/:?]
	at com.example.fileserver.UploadVerticle.lambda$start$0(UploadVerticle.java:42) ~[classes/:?]
	at io.vertx.core.impl.ContextInternal.dispatch(ContextInternal.java:279) ~[vertx-core-4.5.7.jar:4.5.7]
	at io.vertx.core.eventbus.impl.MessageConsumerImpl.dispatch(MessageConsumerImpl.java:177) ~[vertx-core-4.5.7.jar:4.5.7]
	at io.vertx.core.eventbus.impl.HandlerRegistration$InboundDeliveryContext.execute(HandlerRegistration.java:137) ~[vertx-core-4.5.7.jar:4.5.7]
	at io.vertx.core.eventbus.impl.DeliveryContextBase.next(DeliveryContextBase.java:80) ~[vertx-core-4.5.7.jar:4.5.7]
	at io.vertx.core.eventbus.impl.DeliveryContextBase.dispatch(DeliveryContextBase.java:43) ~[vertx-core-4.5.7.jar:4.5.7]
	at io.vertx.core.eventbus.impl.HandlerRegistration.dispatch(HandlerRegistration.java:98) ~[vertx-core-4.5.7.jar:4.5.7]
	at io.vertx.core.eventbus.impl.MessageConsumerImpl.deliver(MessageConsumerImpl.java:183) ~[vertx-core-4.5.7.jar:4.5.7]
	at io.vertx.core.eventbus.impl.MessageConsumerImpl.doReceive(MessageConsumerImpl.java:168) ~[vertx-core-4.5.7.jar:4.5.7]
	at io.vertx.core.eventbus.impl.HandlerRegistration.lambda$receive$0(HandlerRegistration.java:49) ~[vertx-core-4.5.7.jar:4.5.7]
	at io.vertx.core.impl.WorkerExecutor.lambda$execute$0(WorkerExecutor.java:68) ~[vertx-core-4.5.7.jar:4.5.7]
	at io.vertx.core.impl.TaskQueue.run(TaskQueue.java:76) ~[vertx-core-4.5.7.jar:4.5.7]
	at java.base/java.util.concurrent.ThreadPoolExecutor.runWorker(ThreadPoolExecutor.java:1136) [?:?]
	at java.base/java.util.concurrent.ThreadPoolExecutor$Worker.run(ThreadPoolExecutor.java:635) [?:?]
	at io.netty.util.concurrent.FastThreadLocalRunnable.run(FastThreadLocalRunnable.java:30) [netty-common-4.1.108.Final.jar:4.1.108.Final]
	at java.base/java.lang.Thread.run(Thread.java:833) [?:?]
Caused by: java.io.FileNotFoundException: C:\uploads\OIG4.jfif (The system cannot find the file specified)
	at java.base/java.io.FileInputStream.open0(Native Method) ~[?:?]
	at java.base/java.io.FileInputStream.open(FileInputStream.java:216) ~[?:?]
	at java.base/java.io.FileInputStream.<init>(FileInputStream.java:157) ~[?:?]
	at com.amazonaws.util.Md5Utils.computeMD5Hash(Md5Utils.java:97) ~[aws-java-sdk-core-1.12.724.jar:?]
	at com.amazonaws.util.Md5Utils.md5AsBase64(Md5Utils.java:104) ~[aws-java-sdk-core-1.12.724.jar:?]
	at com.amazonaws.services.s3.AmazonS3Client.getInputStream(AmazonS3Client.java:1951) ~[aws-java-sdk-s3-1.12.724.jar:?]
	... 20 more
2024-05-18 21:46:25 [vert.x-eventloop-thread-2] INFO  com.example.fileserver.RestAPIVerticle - Deployed com.example.fileserver.RestAPIVerticle!
2024-05-18 21:46:26 [vert.x-eventloop-thread-2] INFO  com.example.fileserver.RestAPIVerticle - HTTP server started on port 8888
2024-05-18 21:46:26 [vert.x-eventloop-thread-1] INFO  com.example.fileserver.MainVerticle - Deployed com.example.fileserver.RestAPIVerticle with 1b49ab91-fdd9-4ee4-a771-7d40e1520781
2024-05-18 21:46:26 [vert.x-worker-thread-0] INFO  com.example.fileserver.UploadVerticle - Deployed com.example.fileserver.UploadVerticle!
2024-05-18 21:46:26 [vert.x-worker-thread-1] INFO  com.example.fileserver.RestAPIVerticle - Deployed com.example.fileserver.DownloadVerticle!
2024-05-18 21:46:26 [vert.x-worker-thread-2] INFO  com.example.fileserver.RestAPIVerticle - Deployed com.example.fileserver.AllFilesViewVerticle!
2024-05-18 21:46:26 [vert.x-eventloop-thread-0] INFO  io.vertx.core.impl.launcher.commands.VertxIsolatedDeployer - Succeeded in deploying verticle
2024-05-18 21:46:26 [vert.x-eventloop-thread-1] INFO  com.example.fileserver.MainVerticle - Deployed com.example.fileserver.DownloadVerticle with 18ac969d-47b4-4954-b805-90a3d44e24e1
2024-05-18 21:46:26 [vert.x-eventloop-thread-1] INFO  com.example.fileserver.MainVerticle - Deployed com.example.fileserver.AllFilesViewVerticle with b4fb1b88-e29d-4e48-a023-b0f7b559b58d
2024-05-18 21:46:26 [vert.x-eventloop-thread-1] INFO  com.example.fileserver.MainVerticle - Deployed com.example.fileserver.UploadVerticle with 56dd8f65-09c1-423d-bd5b-4875bc7d1352
2024-05-18 21:46:50 [vert.x-eventloop-thread-2] INFO  com.example.fileserver.RestAPIVerticle - upload route
2024-05-18 21:46:50 [vert.x-worker-thread-18] INFO  com.example.fileserver.UploadVerticle - file name rules.png
2024-05-18 21:46:53 [vert.x-worker-thread-18] INFO  com.example.fileserver.UploadVerticle - Bucket shasheejvertfilebuck already exists
2024-05-18 21:46:54 [vert.x-worker-thread-18] INFO  com.example.fileserver.UploadVerticle - File is saved in local machine
2024-05-18 21:46:56 [vert.x-worker-thread-18] INFO  com.example.fileserver.UploadVerticle - Done!
2024-05-18 21:49:57 [vert.x-eventloop-thread-2] INFO  com.example.fileserver.RestAPIVerticle - Deployed com.example.fileserver.RestAPIVerticle!
2024-05-18 21:49:57 [vert.x-eventloop-thread-2] INFO  com.example.fileserver.RestAPIVerticle - HTTP server started on port 8888
2024-05-18 21:49:57 [vert.x-eventloop-thread-1] INFO  com.example.fileserver.MainVerticle - Deployed com.example.fileserver.RestAPIVerticle with cf70e645-6f8b-4536-9dc2-573e934dcfe2
2024-05-18 21:49:57 [vert.x-worker-thread-0] INFO  com.example.fileserver.UploadVerticle - Deployed com.example.fileserver.UploadVerticle!
2024-05-18 21:49:57 [vert.x-worker-thread-1] INFO  com.example.fileserver.RestAPIVerticle - Deployed com.example.fileserver.DownloadVerticle!
2024-05-18 21:49:57 [vert.x-worker-thread-2] INFO  com.example.fileserver.RestAPIVerticle - Deployed com.example.fileserver.AllFilesViewVerticle!
2024-05-18 21:49:57 [vert.x-eventloop-thread-0] INFO  io.vertx.core.impl.launcher.commands.VertxIsolatedDeployer - Succeeded in deploying verticle
2024-05-18 21:49:57 [vert.x-eventloop-thread-1] INFO  com.example.fileserver.MainVerticle - Deployed com.example.fileserver.AllFilesViewVerticle with 8d32f46d-9280-4624-be10-a190e820f1cc
2024-05-18 21:49:57 [vert.x-eventloop-thread-1] INFO  com.example.fileserver.MainVerticle - Deployed com.example.fileserver.DownloadVerticle with 0422dab6-9550-43fe-bf56-26b3c8d9e507
2024-05-18 21:49:57 [vert.x-eventloop-thread-1] INFO  com.example.fileserver.MainVerticle - Deployed com.example.fileserver.UploadVerticle with dc8c8f0b-f239-4aa4-a65c-51bba70071cf
2024-05-18 21:51:47 [vert.x-eventloop-thread-2] INFO  com.example.fileserver.RestAPIVerticle - upload route
2024-05-18 21:51:47 [vert.x-worker-thread-1] INFO  com.example.fileserver.UploadVerticle - file name Screenshot (2).png
2024-05-18 21:51:49 [vert.x-worker-thread-1] INFO  com.example.fileserver.UploadVerticle - Bucket shasheejvertfilebuck already exists
2024-05-18 21:51:50 [vert.x-worker-thread-1] INFO  com.example.fileserver.UploadVerticle - File is saved in local machine
2024-05-18 21:51:53 [vert.x-worker-thread-1] INFO  com.example.fileserver.UploadVerticle - Done!
2024-05-19 07:18:28 [vert.x-eventloop-thread-2] INFO  com.example.fileserver.RestAPIVerticle - Deployed com.example.fileserver.RestAPIVerticle!
2024-05-19 07:18:28 [vert.x-eventloop-thread-2] INFO  com.example.fileserver.RestAPIVerticle - HTTP server started on port 8888
2024-05-19 07:18:28 [vert.x-eventloop-thread-1] INFO  com.example.fileserver.MainVerticle - Deployed com.example.fileserver.RestAPIVerticle with 527dca5a-83ed-426c-ba91-85a87aa18319
2024-05-19 07:18:28 [vert.x-worker-thread-0] INFO  com.example.fileserver.UploadVerticle - Deployed com.example.fileserver.UploadVerticle!
2024-05-19 07:18:28 [vert.x-worker-thread-1] INFO  com.example.fileserver.RestAPIVerticle - Deployed com.example.fileserver.DownloadVerticle!
2024-05-19 07:18:28 [vert.x-worker-thread-2] INFO  com.example.fileserver.RestAPIVerticle - Deployed com.example.fileserver.AllFilesViewVerticle!
2024-05-19 07:18:28 [vert.x-eventloop-thread-0] INFO  io.vertx.core.impl.launcher.commands.VertxIsolatedDeployer - Succeeded in deploying verticle
2024-05-19 07:18:28 [vert.x-eventloop-thread-1] INFO  com.example.fileserver.MainVerticle - Deployed com.example.fileserver.UploadVerticle with 1a8b6aa1-7095-4a07-8a92-9a5628e02434
2024-05-19 07:18:28 [vert.x-eventloop-thread-1] INFO  com.example.fileserver.MainVerticle - Deployed com.example.fileserver.AllFilesViewVerticle with 991ce81d-9574-474f-b87e-c93dac316bdb
2024-05-19 07:18:28 [vert.x-eventloop-thread-1] INFO  com.example.fileserver.MainVerticle - Deployed com.example.fileserver.DownloadVerticle with 33375adb-e87e-4daa-bb58-418961099fac
2024-05-19 07:19:59 [vert.x-eventloop-thread-2] INFO  com.example.fileserver.RestAPIVerticle - download handler com.example.fileserver.RestAPIVerticle!
2024-05-19 07:20:00 [vert.x-worker-thread-3] ERROR io.vertx.core.impl.ContextImpl - Unhandled exception
java.lang.IllegalArgumentException: BucketName cannot be null
	at com.amazonaws.util.ValidationUtils.assertNotNull(ValidationUtils.java:37) ~[aws-java-sdk-core-1.12.724.jar:?]
	at com.amazonaws.util.ValidationUtils.assertStringNotEmpty(ValidationUtils.java:87) ~[aws-java-sdk-core-1.12.724.jar:?]
	at com.amazonaws.services.s3.AmazonS3Client.getObject(AmazonS3Client.java:1517) ~[aws-java-sdk-s3-1.12.724.jar:?]
	at com.amazonaws.services.s3.AmazonS3Client.getObject(AmazonS3Client.java:1409) ~[aws-java-sdk-s3-1.12.724.jar:?]
	at com.example.fileserver.DownloadVerticle.lambda$start$1(DownloadVerticle.java:41) ~[classes/:?]
	at io.vertx.core.impl.ContextInternal.dispatch(ContextInternal.java:279) ~[vertx-core-4.5.7.jar:4.5.7]
	at io.vertx.core.eventbus.impl.MessageConsumerImpl.dispatch(MessageConsumerImpl.java:177) ~[vertx-core-4.5.7.jar:4.5.7]
	at io.vertx.core.eventbus.impl.HandlerRegistration$InboundDeliveryContext.execute(HandlerRegistration.java:137) ~[vertx-core-4.5.7.jar:4.5.7]
	at io.vertx.core.eventbus.impl.DeliveryContextBase.next(DeliveryContextBase.java:80) ~[vertx-core-4.5.7.jar:4.5.7]
	at io.vertx.core.eventbus.impl.DeliveryContextBase.dispatch(DeliveryContextBase.java:43) ~[vertx-core-4.5.7.jar:4.5.7]
	at io.vertx.core.eventbus.impl.HandlerRegistration.dispatch(HandlerRegistration.java:98) ~[vertx-core-4.5.7.jar:4.5.7]
	at io.vertx.core.eventbus.impl.MessageConsumerImpl.deliver(MessageConsumerImpl.java:183) ~[vertx-core-4.5.7.jar:4.5.7]
	at io.vertx.core.eventbus.impl.MessageConsumerImpl.doReceive(MessageConsumerImpl.java:168) ~[vertx-core-4.5.7.jar:4.5.7]
	at io.vertx.core.eventbus.impl.HandlerRegistration.lambda$receive$0(HandlerRegistration.java:49) ~[vertx-core-4.5.7.jar:4.5.7]
	at io.vertx.core.impl.WorkerExecutor.lambda$execute$0(WorkerExecutor.java:68) ~[vertx-core-4.5.7.jar:4.5.7]
	at io.vertx.core.impl.TaskQueue.run(TaskQueue.java:76) ~[vertx-core-4.5.7.jar:4.5.7]
	at java.base/java.util.concurrent.ThreadPoolExecutor.runWorker(ThreadPoolExecutor.java:1136) [?:?]
	at java.base/java.util.concurrent.ThreadPoolExecutor$Worker.run(ThreadPoolExecutor.java:635) [?:?]
	at io.netty.util.concurrent.FastThreadLocalRunnable.run(FastThreadLocalRunnable.java:30) [netty-common-4.1.108.Final.jar:4.1.108.Final]
	at java.base/java.lang.Thread.run(Thread.java:833) [?:?]
2024-05-19 07:20:29 [vert.x-eventloop-thread-2] ERROR com.example.fileserver.RestAPIVerticle - Route Error : 
2024-05-19 07:21:48 [vert.x-eventloop-thread-2] INFO  com.example.fileserver.RestAPIVerticle - Deployed com.example.fileserver.RestAPIVerticle!
2024-05-19 07:21:48 [vert.x-eventloop-thread-2] INFO  com.example.fileserver.RestAPIVerticle - HTTP server started on port 8888
2024-05-19 07:21:48 [vert.x-eventloop-thread-1] INFO  com.example.fileserver.MainVerticle - Deployed com.example.fileserver.RestAPIVerticle with 207f2d83-28df-4888-90fe-e93538a85658
2024-05-19 07:21:48 [vert.x-worker-thread-0] INFO  com.example.fileserver.UploadVerticle - Deployed com.example.fileserver.UploadVerticle!
2024-05-19 07:21:48 [vert.x-worker-thread-1] INFO  com.example.fileserver.RestAPIVerticle - Deployed com.example.fileserver.DownloadVerticle!
2024-05-19 07:21:48 [vert.x-worker-thread-2] INFO  com.example.fileserver.RestAPIVerticle - Deployed com.example.fileserver.AllFilesViewVerticle!
2024-05-19 07:21:48 [vert.x-eventloop-thread-0] INFO  io.vertx.core.impl.launcher.commands.VertxIsolatedDeployer - Succeeded in deploying verticle
2024-05-19 07:21:48 [vert.x-eventloop-thread-1] INFO  com.example.fileserver.MainVerticle - Deployed com.example.fileserver.DownloadVerticle with f3c0f2b2-c9ce-4f54-a6e3-cc752cd124e1
2024-05-19 07:21:48 [vert.x-eventloop-thread-1] INFO  com.example.fileserver.MainVerticle - Deployed com.example.fileserver.AllFilesViewVerticle with 8641ee74-009e-42c6-a493-4583e379c944
2024-05-19 07:21:48 [vert.x-eventloop-thread-1] INFO  com.example.fileserver.MainVerticle - Deployed com.example.fileserver.UploadVerticle with b0e8cc5c-7c9a-47bf-adba-3d4f97f089b8
2024-05-19 07:21:51 [vert.x-eventloop-thread-2] INFO  com.example.fileserver.RestAPIVerticle - download handler com.example.fileserver.RestAPIVerticle!
2024-05-19 07:21:53 [vert.x-worker-thread-4] ERROR com.example.fileserver.RestAPIVerticle - error occured
2024-05-19 07:21:53 [vert.x-eventloop-thread-2] ERROR com.example.fileserver.RestAPIVerticle - Route Error : 
2024-05-19 07:25:13 [vert.x-eventloop-thread-2] INFO  com.example.fileserver.RestAPIVerticle - Deployed com.example.fileserver.RestAPIVerticle!
2024-05-19 07:25:13 [vert.x-eventloop-thread-2] INFO  com.example.fileserver.RestAPIVerticle - HTTP server started on port 8888
2024-05-19 07:25:13 [vert.x-eventloop-thread-1] INFO  com.example.fileserver.MainVerticle - Deployed com.example.fileserver.RestAPIVerticle with ab206bf4-7334-454e-b300-90855c34c33b
2024-05-19 07:25:13 [vert.x-worker-thread-0] INFO  com.example.fileserver.UploadVerticle - Deployed com.example.fileserver.UploadVerticle!
2024-05-19 07:25:13 [vert.x-worker-thread-1] INFO  com.example.fileserver.RestAPIVerticle - Deployed com.example.fileserver.DownloadVerticle!
2024-05-19 07:25:13 [vert.x-worker-thread-2] INFO  com.example.fileserver.RestAPIVerticle - Deployed com.example.fileserver.AllFilesViewVerticle!
2024-05-19 07:25:13 [vert.x-eventloop-thread-0] INFO  io.vertx.core.impl.launcher.commands.VertxIsolatedDeployer - Succeeded in deploying verticle
2024-05-19 07:25:13 [vert.x-eventloop-thread-1] INFO  com.example.fileserver.MainVerticle - Deployed com.example.fileserver.UploadVerticle with 8fca20ce-e75e-4544-9e29-d477c10978b2
2024-05-19 07:25:13 [vert.x-eventloop-thread-1] INFO  com.example.fileserver.MainVerticle - Deployed com.example.fileserver.AllFilesViewVerticle with e3cee701-4b64-4502-8563-84caa45fc73a
2024-05-19 07:25:13 [vert.x-eventloop-thread-1] INFO  com.example.fileserver.MainVerticle - Deployed com.example.fileserver.DownloadVerticle with dd94f994-e7fa-4a66-98cf-9bac9ba21972
2024-05-19 07:25:17 [vert.x-eventloop-thread-2] INFO  com.example.fileserver.RestAPIVerticle - download handler com.example.fileserver.RestAPIVerticle!
2024-05-19 07:25:18 [vert.x-worker-thread-4] ERROR com.example.fileserver.RestAPIVerticle - error occured
2024-05-19 07:25:18 [vert.x-eventloop-thread-2] ERROR com.example.fileserver.RestAPIVerticle - Route Error : 
2024-05-19 07:29:25 [vert.x-eventloop-thread-2] INFO  com.example.fileserver.RestAPIVerticle - Deployed com.example.fileserver.RestAPIVerticle!
2024-05-19 07:29:25 [vert.x-eventloop-thread-2] INFO  com.example.fileserver.RestAPIVerticle - HTTP server started on port 8888
2024-05-19 07:29:25 [vert.x-eventloop-thread-1] INFO  com.example.fileserver.MainVerticle - Deployed com.example.fileserver.RestAPIVerticle with 615549ed-ab8e-4035-a88d-3494f72d31eb
2024-05-19 07:29:25 [vert.x-worker-thread-0] INFO  com.example.fileserver.UploadVerticle - Deployed com.example.fileserver.UploadVerticle!
2024-05-19 07:29:25 [vert.x-worker-thread-1] INFO  com.example.fileserver.RestAPIVerticle - Deployed com.example.fileserver.DownloadVerticle!
2024-05-19 07:29:25 [vert.x-worker-thread-2] INFO  com.example.fileserver.RestAPIVerticle - Deployed com.example.fileserver.AllFilesViewVerticle!
2024-05-19 07:29:25 [vert.x-eventloop-thread-0] INFO  io.vertx.core.impl.launcher.commands.VertxIsolatedDeployer - Succeeded in deploying verticle
2024-05-19 07:29:25 [vert.x-eventloop-thread-1] INFO  com.example.fileserver.MainVerticle - Deployed com.example.fileserver.DownloadVerticle with 5c57dfff-3bbc-4d7b-a46f-211c949f2f92
2024-05-19 07:29:25 [vert.x-eventloop-thread-1] INFO  com.example.fileserver.MainVerticle - Deployed com.example.fileserver.UploadVerticle with 71f6e6c6-8bd0-4fb8-a868-5f9efd395555
2024-05-19 07:29:25 [vert.x-eventloop-thread-1] INFO  com.example.fileserver.MainVerticle - Deployed com.example.fileserver.AllFilesViewVerticle with f5c1f066-82ef-463f-8224-300e090c7cc5
2024-05-19 07:29:30 [vert.x-eventloop-thread-2] INFO  com.example.fileserver.RestAPIVerticle - download handler com.example.fileserver.RestAPIVerticle!
2024-05-19 07:29:52 [vert.x-eventloop-thread-2] INFO  com.example.fileserver.RestAPIVerticle - download handler com.example.fileserver.RestAPIVerticle!
2024-05-19 07:39:07 [vert.x-eventloop-thread-2] INFO  com.example.fileserver.RestAPIVerticle - Deployed com.example.fileserver.RestAPIVerticle!
2024-05-19 07:39:07 [vert.x-eventloop-thread-2] INFO  com.example.fileserver.RestAPIVerticle - HTTP server started on port 8888
2024-05-19 07:39:07 [vert.x-eventloop-thread-1] INFO  com.example.fileserver.MainVerticle - Deployed com.example.fileserver.RestAPIVerticle with deb13f96-114d-4dc0-99cc-36c31d923fe2
2024-05-19 07:39:07 [vert.x-worker-thread-0] INFO  com.example.fileserver.UploadVerticle - Deployed com.example.fileserver.UploadVerticle!
2024-05-19 07:39:07 [vert.x-worker-thread-1] INFO  com.example.fileserver.RestAPIVerticle - Deployed com.example.fileserver.DownloadVerticle!
2024-05-19 07:39:07 [vert.x-worker-thread-2] INFO  com.example.fileserver.RestAPIVerticle - Deployed com.example.fileserver.AllFilesViewVerticle!
2024-05-19 07:39:07 [vert.x-eventloop-thread-0] INFO  io.vertx.core.impl.launcher.commands.VertxIsolatedDeployer - Succeeded in deploying verticle
2024-05-19 07:39:07 [vert.x-eventloop-thread-1] INFO  com.example.fileserver.MainVerticle - Deployed com.example.fileserver.AllFilesViewVerticle with c4b1cfa4-6e05-4c49-8fc8-e6e28a54ab80
2024-05-19 07:39:07 [vert.x-eventloop-thread-1] INFO  com.example.fileserver.MainVerticle - Deployed com.example.fileserver.UploadVerticle with b6664162-cf0f-44ea-be29-53dd856fc76d
2024-05-19 07:39:07 [vert.x-eventloop-thread-1] INFO  com.example.fileserver.MainVerticle - Deployed com.example.fileserver.DownloadVerticle with 75a52d63-924e-4902-b371-fdc956b55faa
2024-05-19 07:39:19 [vert.x-eventloop-thread-2] INFO  com.example.fileserver.RestAPIVerticle - allfile get handler com.example.fileserver.RestAPIVerticle!
2024-05-19 07:39:19 [vert.x-worker-thread-3] INFO  com.example.fileserver.RestAPIVerticle - Objects in S3 bucket shasheejvertfilebuck
2024-05-19 07:42:36 [vert.x-eventloop-thread-2] INFO  com.example.fileserver.RestAPIVerticle - Deployed com.example.fileserver.RestAPIVerticle!
2024-05-19 07:42:36 [vert.x-eventloop-thread-2] INFO  com.example.fileserver.RestAPIVerticle - HTTP server started on port 8888
2024-05-19 07:42:36 [vert.x-eventloop-thread-1] INFO  com.example.fileserver.MainVerticle - Deployed com.example.fileserver.RestAPIVerticle with 746b9799-cf7c-4c84-9209-9ffb7bc38991
2024-05-19 07:42:36 [vert.x-worker-thread-0] INFO  com.example.fileserver.UploadVerticle - Deployed com.example.fileserver.UploadVerticle!
2024-05-19 07:42:36 [vert.x-worker-thread-1] INFO  com.example.fileserver.RestAPIVerticle - Deployed com.example.fileserver.DownloadVerticle!
2024-05-19 07:42:36 [vert.x-worker-thread-2] INFO  com.example.fileserver.RestAPIVerticle - Deployed com.example.fileserver.AllFilesViewVerticle!
2024-05-19 07:42:36 [vert.x-eventloop-thread-0] INFO  io.vertx.core.impl.launcher.commands.VertxIsolatedDeployer - Succeeded in deploying verticle
2024-05-19 07:42:36 [vert.x-eventloop-thread-1] INFO  com.example.fileserver.MainVerticle - Deployed com.example.fileserver.UploadVerticle with 3283dd1a-b2b7-4f55-8d59-bcd6f6fbaff8
2024-05-19 07:42:36 [vert.x-eventloop-thread-1] INFO  com.example.fileserver.MainVerticle - Deployed com.example.fileserver.DownloadVerticle with 5e3e4ffc-a91d-4cde-b8ea-2bf9c5b5de67
2024-05-19 07:42:36 [vert.x-eventloop-thread-1] INFO  com.example.fileserver.MainVerticle - Deployed com.example.fileserver.AllFilesViewVerticle with c5f914aa-b6f6-4ae5-a218-978b92946168
2024-05-19 07:42:43 [vert.x-eventloop-thread-2] INFO  com.example.fileserver.RestAPIVerticle - allfile get handler com.example.fileserver.RestAPIVerticle!
2024-05-19 07:42:43 [vert.x-worker-thread-3] INFO  com.example.fileserver.RestAPIVerticle - Objects in S3 bucket shasheejvertfilebuck
2024-05-19 07:42:51 [vert.x-eventloop-thread-2] INFO  com.example.fileserver.RestAPIVerticle - download handler com.example.fileserver.RestAPIVerticle!
2024-05-19 07:42:52 [vert.x-worker-thread-4] INFO  com.example.fileserver.RestAPIVerticle - file download successfully
2024-05-19 07:44:24 [vert.x-eventloop-thread-2] INFO  com.example.fileserver.RestAPIVerticle - download handler com.example.fileserver.RestAPIVerticle!
2024-05-19 07:50:15 [vert.x-eventloop-thread-2] INFO  com.example.fileserver.RestAPIVerticle - Deployed com.example.fileserver.RestAPIVerticle!
2024-05-19 07:50:15 [vert.x-eventloop-thread-2] INFO  com.example.fileserver.RestAPIVerticle - HTTP server started on port 8888
2024-05-19 07:50:15 [vert.x-eventloop-thread-1] INFO  com.example.fileserver.MainVerticle - Deployed com.example.fileserver.RestAPIVerticle with ec50d109-20fb-4884-ba3a-d4854b4ea600
2024-05-19 07:50:15 [vert.x-worker-thread-0] INFO  com.example.fileserver.UploadVerticle - Deployed com.example.fileserver.UploadVerticle!
2024-05-19 07:50:15 [vert.x-worker-thread-1] INFO  com.example.fileserver.RestAPIVerticle - Deployed com.example.fileserver.DownloadVerticle!
2024-05-19 07:50:15 [vert.x-worker-thread-2] INFO  com.example.fileserver.RestAPIVerticle - Deployed com.example.fileserver.AllFilesViewVerticle!
2024-05-19 07:50:15 [vert.x-eventloop-thread-0] INFO  io.vertx.core.impl.launcher.commands.VertxIsolatedDeployer - Succeeded in deploying verticle
2024-05-19 07:50:15 [vert.x-eventloop-thread-1] INFO  com.example.fileserver.MainVerticle - Deployed com.example.fileserver.AllFilesViewVerticle with 55ebb457-77af-4180-b63e-f28e1e397b23
2024-05-19 07:50:15 [vert.x-eventloop-thread-1] INFO  com.example.fileserver.MainVerticle - Deployed com.example.fileserver.DownloadVerticle with c784bf6c-73d2-48fc-b6a1-1d4606ef6907
2024-05-19 07:50:15 [vert.x-eventloop-thread-1] INFO  com.example.fileserver.MainVerticle - Deployed com.example.fileserver.UploadVerticle with d44e90c3-aa0d-4244-b76a-829c564516ca
2024-05-19 07:50:18 [vert.x-eventloop-thread-2] INFO  com.example.fileserver.RestAPIVerticle - download handler com.example.fileserver.RestAPIVerticle!
2024-05-19 07:51:33 [vert.x-eventloop-thread-2] INFO  com.example.fileserver.RestAPIVerticle - Deployed com.example.fileserver.RestAPIVerticle!
2024-05-19 07:51:33 [vert.x-eventloop-thread-2] INFO  com.example.fileserver.RestAPIVerticle - HTTP server started on port 8888
2024-05-19 07:51:33 [vert.x-eventloop-thread-1] INFO  com.example.fileserver.MainVerticle - Deployed com.example.fileserver.RestAPIVerticle with b0b4d025-8ae9-485f-b0e7-d63dd1e8dc4d
2024-05-19 07:51:33 [vert.x-worker-thread-0] INFO  com.example.fileserver.UploadVerticle - Deployed com.example.fileserver.UploadVerticle!
2024-05-19 07:51:33 [vert.x-worker-thread-1] INFO  com.example.fileserver.RestAPIVerticle - Deployed com.example.fileserver.DownloadVerticle!
2024-05-19 07:51:33 [vert.x-worker-thread-2] INFO  com.example.fileserver.RestAPIVerticle - Deployed com.example.fileserver.AllFilesViewVerticle!
2024-05-19 07:51:33 [vert.x-eventloop-thread-0] INFO  io.vertx.core.impl.launcher.commands.VertxIsolatedDeployer - Succeeded in deploying verticle
2024-05-19 07:51:33 [vert.x-eventloop-thread-1] INFO  com.example.fileserver.MainVerticle - Deployed com.example.fileserver.UploadVerticle with 11d12bcf-8ac7-41d8-a4da-2d2e05b42129
2024-05-19 07:51:33 [vert.x-eventloop-thread-1] INFO  com.example.fileserver.MainVerticle - Deployed com.example.fileserver.DownloadVerticle with 5b8707dd-c5d9-4bf4-bcdf-f477022f9dc1
2024-05-19 07:51:33 [vert.x-eventloop-thread-1] INFO  com.example.fileserver.MainVerticle - Deployed com.example.fileserver.AllFilesViewVerticle with 43c74f6c-d9c0-4dae-a8a0-91c72c260eab
2024-05-19 07:54:39 [vert.x-eventloop-thread-2] INFO  com.example.fileserver.RestAPIVerticle - Deployed com.example.fileserver.RestAPIVerticle!
2024-05-19 07:54:39 [vert.x-eventloop-thread-2] INFO  com.example.fileserver.RestAPIVerticle - HTTP server started on port 8888
2024-05-19 07:54:39 [vert.x-eventloop-thread-1] INFO  com.example.fileserver.MainVerticle - Deployed com.example.fileserver.RestAPIVerticle with c89e2140-a091-497a-bc18-39e3c287cfa6
2024-05-19 07:54:39 [vert.x-worker-thread-0] INFO  com.example.fileserver.UploadVerticle - Deployed com.example.fileserver.UploadVerticle!
2024-05-19 07:54:39 [vert.x-worker-thread-1] INFO  com.example.fileserver.RestAPIVerticle - Deployed com.example.fileserver.DownloadVerticle!
2024-05-19 07:54:39 [vert.x-worker-thread-2] INFO  com.example.fileserver.RestAPIVerticle - Deployed com.example.fileserver.AllFilesViewVerticle!
2024-05-19 07:54:39 [vert.x-eventloop-thread-0] INFO  io.vertx.core.impl.launcher.commands.VertxIsolatedDeployer - Succeeded in deploying verticle
2024-05-19 07:54:39 [vert.x-eventloop-thread-1] INFO  com.example.fileserver.MainVerticle - Deployed com.example.fileserver.DownloadVerticle with b689b0dd-833b-44d2-8a26-5029e43d7526
2024-05-19 07:54:39 [vert.x-eventloop-thread-1] INFO  com.example.fileserver.MainVerticle - Deployed com.example.fileserver.AllFilesViewVerticle with a6a62554-0032-4901-bf1b-9e0343d36779
2024-05-19 07:54:39 [vert.x-eventloop-thread-1] INFO  com.example.fileserver.MainVerticle - Deployed com.example.fileserver.UploadVerticle with dff89a41-2340-44a2-ab84-f8044176cfbe
2024-05-19 07:54:44 [vert.x-eventloop-thread-2] INFO  com.example.fileserver.RestAPIVerticle - download handler com.example.fileserver.RestAPIVerticle!
2024-05-19 07:54:46 [vert.x-eventloop-thread-2] ERROR com.example.fileserver.RestAPIVerticle - file not found
2024-05-19 07:54:46 [vert.x-eventloop-thread-2] ERROR com.example.fileserver.RestAPIVerticle - Route Error : 
2024-05-19 07:56:17 [vert.x-eventloop-thread-2] INFO  com.example.fileserver.RestAPIVerticle - Deployed com.example.fileserver.RestAPIVerticle!
2024-05-19 07:56:17 [vert.x-eventloop-thread-2] INFO  com.example.fileserver.RestAPIVerticle - HTTP server started on port 8888
2024-05-19 07:56:17 [vert.x-eventloop-thread-1] INFO  com.example.fileserver.MainVerticle - Deployed com.example.fileserver.RestAPIVerticle with 3ef0eb69-1db2-418b-a5e7-a31e12d6c472
2024-05-19 07:56:17 [vert.x-worker-thread-0] INFO  com.example.fileserver.UploadVerticle - Deployed com.example.fileserver.UploadVerticle!
2024-05-19 07:56:17 [vert.x-worker-thread-1] INFO  com.example.fileserver.RestAPIVerticle - Deployed com.example.fileserver.DownloadVerticle!
2024-05-19 07:56:17 [vert.x-worker-thread-2] INFO  com.example.fileserver.RestAPIVerticle - Deployed com.example.fileserver.AllFilesViewVerticle!
2024-05-19 07:56:17 [vert.x-eventloop-thread-0] INFO  io.vertx.core.impl.launcher.commands.VertxIsolatedDeployer - Succeeded in deploying verticle
2024-05-19 07:56:17 [vert.x-eventloop-thread-1] INFO  com.example.fileserver.MainVerticle - Deployed com.example.fileserver.UploadVerticle with 9e4a072c-80f7-4716-8bd9-ddf1b97f5e45
2024-05-19 07:56:17 [vert.x-eventloop-thread-1] INFO  com.example.fileserver.MainVerticle - Deployed com.example.fileserver.AllFilesViewVerticle with 9529ce74-3770-4f21-a7fb-794b6cbe54b7
2024-05-19 07:56:17 [vert.x-eventloop-thread-1] INFO  com.example.fileserver.MainVerticle - Deployed com.example.fileserver.DownloadVerticle with ef342906-edcf-4a26-ad90-e5174bf9b714
2024-05-19 07:56:22 [vert.x-eventloop-thread-2] INFO  com.example.fileserver.RestAPIVerticle - download handler com.example.fileserver.RestAPIVerticle!
2024-05-19 07:56:25 [vert.x-eventloop-thread-2] ERROR com.example.fileserver.RestAPIVerticle - file not found
2024-05-19 07:59:31 [vert.x-eventloop-thread-2] INFO  com.example.fileserver.RestAPIVerticle - Deployed com.example.fileserver.RestAPIVerticle!
2024-05-19 07:59:31 [vert.x-eventloop-thread-2] INFO  com.example.fileserver.RestAPIVerticle - HTTP server started on port 8888
2024-05-19 07:59:31 [vert.x-eventloop-thread-1] INFO  com.example.fileserver.MainVerticle - Deployed com.example.fileserver.RestAPIVerticle with 56630246-e146-442f-9215-2ce73110e8f1
2024-05-19 07:59:31 [vert.x-worker-thread-0] INFO  com.example.fileserver.UploadVerticle - Deployed com.example.fileserver.UploadVerticle!
2024-05-19 07:59:31 [vert.x-worker-thread-1] INFO  com.example.fileserver.RestAPIVerticle - Deployed com.example.fileserver.DownloadVerticle!
2024-05-19 07:59:31 [vert.x-worker-thread-2] INFO  com.example.fileserver.RestAPIVerticle - Deployed com.example.fileserver.AllFilesViewVerticle!
2024-05-19 07:59:31 [vert.x-eventloop-thread-0] INFO  io.vertx.core.impl.launcher.commands.VertxIsolatedDeployer - Succeeded in deploying verticle
2024-05-19 07:59:31 [vert.x-eventloop-thread-1] INFO  com.example.fileserver.MainVerticle - Deployed com.example.fileserver.DownloadVerticle with 70ea3982-a845-41b7-a23f-af3f9c635496
2024-05-19 07:59:31 [vert.x-eventloop-thread-1] INFO  com.example.fileserver.MainVerticle - Deployed com.example.fileserver.UploadVerticle with 359a863b-95fd-41c4-a795-50f2d66f8c87
2024-05-19 07:59:31 [vert.x-eventloop-thread-1] INFO  com.example.fileserver.MainVerticle - Deployed com.example.fileserver.AllFilesViewVerticle with 5df3ed0a-fca4-47da-9960-f11c39bb285f
2024-05-19 07:59:37 [vert.x-eventloop-thread-2] INFO  com.example.fileserver.RestAPIVerticle - download handler com.example.fileserver.RestAPIVerticle!
2024-05-19 07:59:39 [vert.x-worker-thread-3] INFO  com.example.fileserver.RestAPIVerticle - file download successfully
2024-05-19 07:59:39 [vert.x-eventloop-thread-2] ERROR com.example.fileserver.RestAPIVerticle - file not found
2024-05-19 07:59:48 [vert.x-eventloop-thread-2] INFO  com.example.fileserver.RestAPIVerticle - download handler com.example.fileserver.RestAPIVerticle!
2024-05-19 07:59:49 [vert.x-worker-thread-4] INFO  com.example.fileserver.RestAPIVerticle - file download successfully
